{"content": {"suites": {"0": {"status": {"total_pass": 4, "total_skip": 0, "total_xpass": 0, "total_xfail": 0, "total_rerun": 0, "total_fail": 0, "total_error": 0}, "tests": {"0": {"status": "PASS", "message": "", "test_name": "test_add_content", "rerun": "0"}, "1": {"status": "PASS", "message": "", "test_name": "test_get_content", "rerun": "0"}, "2": {"status": "PASS", "message": "", "test_name": "test_modify_content", "rerun": "0"}, "3": {"status": "PASS", "message": "", "test_name": "test_deleting_content", "rerun": "0"}}, "suite_name": "lesson10/test_flask_app/test_app.py"}, "1": {"suite_name": "lesson10/tests/test_convert_to_24_hours_parametrization.py", "tests": {"0": {"status": "PASS", "message": "", "test_name": "test_convert_to_24_hours_params_1[02:30 AM-02:30]", "rerun": "0"}, "1": {"status": "PASS", "message": "", "test_name": "test_convert_to_24_hours_params_1[02:30 PM-14:30]", "rerun": "0"}, "2": {"status": "FAIL", "message": "   AssertionError: Expected 00:00, but got 24:00\n   assert '24:00' == '00:00'\n     \n     - 00:00\n     + 24:00\n", "test_name": "test_convert_to_24_hours_params_1[12:00 PM-00:00]", "rerun": "0"}, "3": {"status": "PASS", "message": "", "test_name": "test_convert_to_24_hours_params_1[12:00 AM-12:00]", "rerun": "0"}, "4": {"status": "FAIL", "message": "   AssertionError: Expected XX:XX, but got 02:30\n   assert '02:30' == 'XX:XX'\n     \n     - XX:XX\n     + 02:30\n", "test_name": "test_convert_to_24_hours_params_2[02:30 AM]", "rerun": "0"}, "5": {"status": "FAIL", "message": "   ValueError: not enough values to unpack (expected 2, got 1)\n", "test_name": "test_convert_to_24_hours_params_2[02:30]", "rerun": "0"}, "6": {"status": "FAIL", "message": "   AssertionError: Expected XX:XX, but got 14:30\n   assert '14:30' == 'XX:XX'\n     \n     - XX:XX\n     + 14:30\n", "test_name": "test_convert_to_24_hours_params_2[02:30 PM]", "rerun": "0"}, "7": {"status": "FAIL", "message": "   ValueError: not enough values to unpack (expected 2, got 1)\n", "test_name": "test_convert_to_24_hours_params_2[14:30]", "rerun": "0"}}, "status": {"total_pass": 3, "total_skip": 0, "total_xpass": 0, "total_xfail": 0, "total_rerun": 0, "total_fail": 5, "total_error": 0}}, "2": {"suite_name": "lesson10/tests/test_sample.py", "tests": {"0": {"status": "FAIL", "message": "   assert 4 == 3\n    +  where 4 = func(3)\n", "test_name": "test_sample", "rerun": "0"}}, "status": {"total_pass": 0, "total_skip": 0, "total_xpass": 0, "total_xfail": 0, "total_rerun": 0, "total_fail": 1, "total_error": 0}}, "3": {"suite_name": "lesson10/tests/test_sample_automation.py", "tests": {"0": {"status": "PASS", "message": "", "test_name": "test_sample_auto_QA_111", "rerun": "0"}}, "status": {"total_pass": 1, "total_skip": 0, "total_xpass": 0, "total_xfail": 0, "total_rerun": 0, "total_fail": 0, "total_error": 0}}, "4": {"suite_name": "lesson10/tests/test_triangle_area.py", "tests": {"0": {"status": "PASS", "message": "", "test_name": "test_triangle_area", "rerun": "0"}, "1": {"status": "PASS", "message": "", "test_name": "test_triangle_area2", "rerun": "0"}, "2": {"status": "SKIP", "message": "('/Users/danilovets/Personal/Hillel/aqa_hillel_1308/lesson10/tests/test_triangle_area.py', 29, 'Skipped: Skip if run on Linux')\n", "test_name": "test_triangle_area3", "rerun": "0"}}, "status": {"total_pass": 2, "total_skip": 1, "total_xpass": 0, "total_xfail": 0, "total_rerun": 0, "total_fail": 0, "total_error": 0}}, "5": {"suite_name": "lesson11/test_flask_app/test_flask_app.py", "tests": {"0": {"status": "PASS", "message": "", "test_name": "test_add_content", "rerun": "0"}}, "status": {"total_pass": 1, "total_skip": 0, "total_xpass": 0, "total_xfail": 0, "total_rerun": 0, "total_fail": 0, "total_error": 0}}}}, "date": "September 17, 2024", "start_time": 1726594920.8547451, "total_suite": 6, "status": "FAIL", "status_list": {"pass": "11", "fail": "6", "skip": "1", "error": "0", "xpass": "0", "xfail": "0", "rerun": "0"}, "total_tests": "18"}